c:\users\tomasz\desktop\oop\project_c++\project_c++\x64\debug\vc143.pdb
c:\users\tomasz\desktop\oop\project_c++\project_c++\x64\debug\vc143.idb
c:\users\tomasz\desktop\oop\project_c++\project_c++\x64\debug\zwierze.obj
c:\users\tomasz\desktop\oop\project_c++\project_c++\x64\debug\zlow.obj
c:\users\tomasz\desktop\oop\project_c++\project_c++\x64\debug\wilk.obj
c:\users\tomasz\desktop\oop\project_c++\project_c++\x64\debug\wilczejagody.obj
c:\users\tomasz\desktop\oop\project_c++\project_c++\x64\debug\trawa.obj
c:\users\tomasz\desktop\oop\project_c++\project_c++\x64\debug\swiat.obj
c:\users\tomasz\desktop\oop\project_c++\project_c++\x64\debug\roslina.obj
c:\users\tomasz\desktop\oop\project_c++\project_c++\x64\debug\project_c++.obj
c:\users\tomasz\desktop\oop\project_c++\project_c++\x64\debug\owca.obj
c:\users\tomasz\desktop\oop\project_c++\project_c++\x64\debug\organizm.obj
c:\users\tomasz\desktop\oop\project_c++\project_c++\x64\debug\mlecz.obj
c:\users\tomasz\desktop\oop\project_c++\project_c++\x64\debug\lis.obj
c:\users\tomasz\desktop\oop\project_c++\project_c++\x64\debug\guarana.obj
c:\users\tomasz\desktop\oop\project_c++\project_c++\x64\debug\czlowiek.obj
c:\users\tomasz\desktop\oop\project_c++\project_c++\x64\debug\barszczsosnowskiego.obj
c:\users\tomasz\desktop\oop\project_c++\project_c++\x64\debug\antylopa.obj
c:\users\tomasz\desktop\oop\project_c++\x64\debug\project_c++.exe
c:\users\tomasz\desktop\oop\project_c++\project_c++\x64\debug\project_c++.ilk
c:\users\tomasz\desktop\oop\project_c++\x64\debug\project_c++.pdb
c:\users\tomasz\desktop\oop\project_c++\project_c++\x64\debug\project_c++.tlog\cl.command.1.tlog
c:\users\tomasz\desktop\oop\project_c++\project_c++\x64\debug\project_c++.tlog\cl.read.1.tlog
c:\users\tomasz\desktop\oop\project_c++\project_c++\x64\debug\project_c++.tlog\cl.write.1.tlog
c:\users\tomasz\desktop\oop\project_c++\project_c++\x64\debug\project_c++.tlog\link.command.1.tlog
c:\users\tomasz\desktop\oop\project_c++\project_c++\x64\debug\project_c++.tlog\link.read.1.tlog
c:\users\tomasz\desktop\oop\project_c++\project_c++\x64\debug\project_c++.tlog\link.write.1.tlog
